<?xml version="1.0" encoding="UTF-8"?>
<testng-results ignored="0" total="6" passed="5" failed="1" skipped="0">
  <reporter-output>
  </reporter-output>
  <suite started-at="2026-01-20T16:19:08 IST" name="Default suite" finished-at="2026-01-20T16:23:27 IST" duration-ms="259571">
    <groups>
    </groups>
    <test started-at="2026-01-20T16:19:08 IST" name="Default test" finished-at="2026-01-20T16:23:27 IST" duration-ms="259571">
      <class name="tests.E2eTest">
        <test-method is-config="true" signature="setUp()[pri:0, instance:tests.E2eTest@6200f9cb]" started-at="2026-01-20T16:19:08 IST" name="setUp" finished-at="2026-01-20T16:19:32 IST" duration-ms="24654" status="PASS">
          <reporter-output>
          </reporter-output>
        </test-method> <!-- setUp -->
        <test-method signature="viewStories()[pri:0, instance:tests.E2eTest@6200f9cb]" started-at="2026-01-20T16:19:32 IST" name="viewStories" finished-at="2026-01-20T16:20:29 IST" duration-ms="56787" status="PASS">
          <reporter-output>
          </reporter-output>
        </test-method> <!-- viewStories -->
        <test-method signature="search()[pri:1, instance:tests.E2eTest@6200f9cb]" started-at="2026-01-20T16:20:29 IST" name="search" finished-at="2026-01-20T16:20:41 IST" duration-ms="11896" status="PASS">
          <reporter-output>
          </reporter-output>
        </test-method> <!-- search -->
        <test-method signature="watchReels()[pri:2, instance:tests.E2eTest@6200f9cb]" started-at="2026-01-20T16:20:41 IST" name="watchReels" finished-at="2026-01-20T16:22:23 IST" duration-ms="102188" status="PASS">
          <reporter-output>
          </reporter-output>
        </test-method> <!-- watchReels -->
        <test-method signature="postLike()[pri:3, instance:tests.E2eTest@6200f9cb]" started-at="2026-01-20T16:22:23 IST" name="postLike" finished-at="2026-01-20T16:22:41 IST" duration-ms="18029" status="PASS">
          <reporter-output>
          </reporter-output>
        </test-method> <!-- postLike -->
        <test-method signature="msg()[pri:4, instance:tests.E2eTest@6200f9cb]" started-at="2026-01-20T16:22:41 IST" name="msg" finished-at="2026-01-20T16:23:13 IST" duration-ms="31341" status="PASS">
          <reporter-output>
          </reporter-output>
        </test-method> <!-- msg -->
        <test-method signature="explore()[pri:5, instance:tests.E2eTest@6200f9cb]" started-at="2026-01-20T16:23:13 IST" name="explore" finished-at="2026-01-20T16:23:27 IST" duration-ms="13955" status="FAIL">
          <exception class="org.openqa.selenium.ElementClickInterceptedException">
            <message>
              <![CDATA[element click intercepted: Element <svg aria-label="Reel" class="x1lliihq x1n2onr6 x1hfr7tm xq3z1fi" fill="currentColor" height="24" role="img" viewBox="0 0 24 24" width="24">...</svg> is not clickable at point (600, 75). Other element would receive the click: <video loop="" playsinline="" src="https://instagram.fblr20-5.fna.fbcdn.net/o1/v/t2/f2/m86/AQOVvUp4PIIzzkAI3F1nr0Rj9jm290-qS8GWqtyA-PoRk2B_jFFsWJhUpyc63iAF5dWOk3meY_CtHYnIhRnVTmXuuJdo8mMPuW6FtUM.mp4?_nc_cat=107&amp;_nc_oc=AdnwgzeLuItiWiCMLIYurBgVsg5nYgguhTCcKiXgTlQMNVDdz1IbN-9YTY6iT8FhiIR1wOnzuAjZ3NSUwxF6-l4M&amp;_nc_sid=5e9851&amp;_nc_ht=instagram.fblr20-5.fna.fbcdn.net&amp;_nc_ohc=Y84O7-22t6UQ7kNvwGdv08E&amp;efg=eyJ2ZW5jb2RlX3RhZyI6Inhwdl9wcm9ncmVzc2l2ZS5JTlNUQUdSQU0uQ0xJUFMuQzMuNzIwLmRhc2hfYmFzZWxpbmVfMV92MSIsInhwdl9hc3NldF9pZCI6MTQxNzUxNTczMzQyNDgzMywiYXNzZXRfYWdlX2RheXMiOjI1LCJ2aV91c2VjYXNlX2lkIjoxMDgyNywiZHVyYXRpb25fcyI6NzQsInVybGdlbl9zb3VyY2UiOiJ3d3cifQ%3D%3D&amp;ccb=17-1&amp;_nc_gid=MG-ogbQDY73ZrgAKK6kBHw&amp;_nc_zt=28&amp;vs=cff2cb7ad7d71021&amp;_nc_vs=HBksFQIYUmlnX3hwdl9yZWVsc19wZXJtYW5lbnRfc3JfcHJvZC8yODRFQkFGQjA0RUY4NzBEMENFQTI0NzEzNTE2REJCM192aWRlb19kYXNoaW5pdC5tcDQVAALIARIAFQIYOnBhc3N0aHJvdWdoX2V2ZXJzdG9yZS9HTTdiTHlSV2RFeGVyeWxjQUNpTm1xUXhJT2gwYnN0VEFRQUYVAgLIARIAKAAYABsCiAd1c2Vfb2lsATEScHJvZ3Jlc3NpdmVfcmVjaXBlATEVAAAmguuInKPOhAUVAigCQzMsF0BSlU_fO2RaGBJkYXNoX2Jhc2VsaW5lXzFfdjERAHX-B2WWqQEA&amp;oh=00_AfplBkEziIuNn1ZbzHy5E1uxbbhwEqjk-8gmRjgaog6Y-g&amp;oe=69713BC8" style="height: 100%; object-fit: cover; width: 100%;"></video>
  (Session info: chrome=143.0.7499.193)
Build info: version: '4.11.0', revision: '040bc5406b'
System info: os.name: 'Windows 11', os.arch: 'amd64', os.version: '10.0', java.version: '21.0.8'
Driver info: org.openqa.selenium.chrome.ChromeDriver
Command: [ebbcf1d4af5ea88fc319140e64a875ea, clickElement {id=f.5AFD28D15EDF3EDA3D2D3E28A403D4C7.d.14C827576BFA2904ACC3D253343D4298.e.757}]
Capabilities {acceptInsecureCerts: false, browserName: chrome, browserVersion: 143.0.7499.193, chrome: {chromedriverVersion: 143.0.7499.169 (164b20aab62..., userDataDir: C:\Users\VENKAT~1\AppData\L...}, fedcm:accounts: true, goog:chromeOptions: {debuggerAddress: localhost:60751}, goog:processID: 23912, networkConnectionEnabled: false, pageLoadStrategy: normal, platformName: windows, proxy: Proxy(), se:cdp: ws://localhost:60751/devtoo..., se:cdpVersion: 143.0.7499.193, setWindowRect: true, strictFileInteractability: false, timeouts: {implicit: 0, pageLoad: 300000, script: 30000}, unhandledPromptBehavior: dismiss and notify, webauthn:extension:credBlob: true, webauthn:extension:largeBlob: true, webauthn:extension:minPinLength: true, webauthn:extension:prf: true, webauthn:virtualAuthenticators: true}
Element: [[ChromeDriver: chrome on windows (ebbcf1d4af5ea88fc319140e64a875ea)] -> xpath: (//*[@aria-label='Reel'])[1]]
Session ID: ebbcf1d4af5ea88fc319140e64a875ea]]>
            </message>
            <full-stacktrace>
              <![CDATA[org.openqa.selenium.ElementClickInterceptedException: element click intercepted: Element <svg aria-label="Reel" class="x1lliihq x1n2onr6 x1hfr7tm xq3z1fi" fill="currentColor" height="24" role="img" viewBox="0 0 24 24" width="24">...</svg> is not clickable at point (600, 75). Other element would receive the click: <video loop="" playsinline="" src="https://instagram.fblr20-5.fna.fbcdn.net/o1/v/t2/f2/m86/AQOVvUp4PIIzzkAI3F1nr0Rj9jm290-qS8GWqtyA-PoRk2B_jFFsWJhUpyc63iAF5dWOk3meY_CtHYnIhRnVTmXuuJdo8mMPuW6FtUM.mp4?_nc_cat=107&amp;_nc_oc=AdnwgzeLuItiWiCMLIYurBgVsg5nYgguhTCcKiXgTlQMNVDdz1IbN-9YTY6iT8FhiIR1wOnzuAjZ3NSUwxF6-l4M&amp;_nc_sid=5e9851&amp;_nc_ht=instagram.fblr20-5.fna.fbcdn.net&amp;_nc_ohc=Y84O7-22t6UQ7kNvwGdv08E&amp;efg=eyJ2ZW5jb2RlX3RhZyI6Inhwdl9wcm9ncmVzc2l2ZS5JTlNUQUdSQU0uQ0xJUFMuQzMuNzIwLmRhc2hfYmFzZWxpbmVfMV92MSIsInhwdl9hc3NldF9pZCI6MTQxNzUxNTczMzQyNDgzMywiYXNzZXRfYWdlX2RheXMiOjI1LCJ2aV91c2VjYXNlX2lkIjoxMDgyNywiZHVyYXRpb25fcyI6NzQsInVybGdlbl9zb3VyY2UiOiJ3d3cifQ%3D%3D&amp;ccb=17-1&amp;_nc_gid=MG-ogbQDY73ZrgAKK6kBHw&amp;_nc_zt=28&amp;vs=cff2cb7ad7d71021&amp;_nc_vs=HBksFQIYUmlnX3hwdl9yZWVsc19wZXJtYW5lbnRfc3JfcHJvZC8yODRFQkFGQjA0RUY4NzBEMENFQTI0NzEzNTE2REJCM192aWRlb19kYXNoaW5pdC5tcDQVAALIARIAFQIYOnBhc3N0aHJvdWdoX2V2ZXJzdG9yZS9HTTdiTHlSV2RFeGVyeWxjQUNpTm1xUXhJT2gwYnN0VEFRQUYVAgLIARIAKAAYABsCiAd1c2Vfb2lsATEScHJvZ3Jlc3NpdmVfcmVjaXBlATEVAAAmguuInKPOhAUVAigCQzMsF0BSlU_fO2RaGBJkYXNoX2Jhc2VsaW5lXzFfdjERAHX-B2WWqQEA&amp;oh=00_AfplBkEziIuNn1ZbzHy5E1uxbbhwEqjk-8gmRjgaog6Y-g&amp;oe=69713BC8" style="height: 100%; object-fit: cover; width: 100%;"></video>
  (Session info: chrome=143.0.7499.193)
Build info: version: '4.11.0', revision: '040bc5406b'
System info: os.name: 'Windows 11', os.arch: 'amd64', os.version: '10.0', java.version: '21.0.8'
Driver info: org.openqa.selenium.chrome.ChromeDriver
Command: [ebbcf1d4af5ea88fc319140e64a875ea, clickElement {id=f.5AFD28D15EDF3EDA3D2D3E28A403D4C7.d.14C827576BFA2904ACC3D253343D4298.e.757}]
Capabilities {acceptInsecureCerts: false, browserName: chrome, browserVersion: 143.0.7499.193, chrome: {chromedriverVersion: 143.0.7499.169 (164b20aab62..., userDataDir: C:\Users\VENKAT~1\AppData\L...}, fedcm:accounts: true, goog:chromeOptions: {debuggerAddress: localhost:60751}, goog:processID: 23912, networkConnectionEnabled: false, pageLoadStrategy: normal, platformName: windows, proxy: Proxy(), se:cdp: ws://localhost:60751/devtoo..., se:cdpVersion: 143.0.7499.193, setWindowRect: true, strictFileInteractability: false, timeouts: {implicit: 0, pageLoad: 300000, script: 30000}, unhandledPromptBehavior: dismiss and notify, webauthn:extension:credBlob: true, webauthn:extension:largeBlob: true, webauthn:extension:minPinLength: true, webauthn:extension:prf: true, webauthn:virtualAuthenticators: true}
Element: [[ChromeDriver: chrome on windows (ebbcf1d4af5ea88fc319140e64a875ea)] -> xpath: (//*[@aria-label='Reel'])[1]]
Session ID: ebbcf1d4af5ea88fc319140e64a875ea
at java.base/jdk.internal.reflect.DirectConstructorHandleAccessor.newInstance(DirectConstructorHandleAccessor.java:62)
at java.base/java.lang.reflect.Constructor.newInstanceWithCaller(Constructor.java:502)
at java.base/java.lang.reflect.Constructor.newInstance(Constructor.java:486)
at org.openqa.selenium.remote.codec.w3c.W3CHttpResponseCodec.createException(W3CHttpResponseCodec.java:200)
at org.openqa.selenium.remote.codec.w3c.W3CHttpResponseCodec.decode(W3CHttpResponseCodec.java:133)
at org.openqa.selenium.remote.codec.w3c.W3CHttpResponseCodec.decode(W3CHttpResponseCodec.java:52)
at org.openqa.selenium.remote.HttpCommandExecutor.execute(HttpCommandExecutor.java:191)
at org.openqa.selenium.remote.service.DriverCommandExecutor.invokeExecute(DriverCommandExecutor.java:196)
at org.openqa.selenium.remote.service.DriverCommandExecutor.execute(DriverCommandExecutor.java:171)
at org.openqa.selenium.remote.RemoteWebDriver.execute(RemoteWebDriver.java:518)
at org.openqa.selenium.remote.RemoteWebElement.execute(RemoteWebElement.java:224)
at org.openqa.selenium.remote.RemoteWebElement.click(RemoteWebElement.java:77)
at pages.Explore.clickReel(Explore.java:42)
at tests.E2eTest.explore(E2eTest.java:132)
at java.base/jdk.internal.reflect.DirectMethodHandleAccessor.invoke(DirectMethodHandleAccessor.java:103)
at java.base/java.lang.reflect.Method.invoke(Method.java:580)
at org.testng.internal.invokers.MethodInvocationHelper.invokeMethod(MethodInvocationHelper.java:141)
at org.testng.internal.invokers.TestInvoker.invokeMethod(TestInvoker.java:687)
at org.testng.internal.invokers.TestInvoker.invokeTestMethod(TestInvoker.java:230)
at org.testng.internal.invokers.MethodRunner.runInSequence(MethodRunner.java:63)
at org.testng.internal.invokers.TestInvoker$MethodInvocationAgent.invoke(TestInvoker.java:995)
at org.testng.internal.invokers.TestInvoker.invokeTestMethods(TestInvoker.java:203)
at org.testng.internal.invokers.TestMethodWorker.invokeTestMethods(TestMethodWorker.java:154)
at org.testng.internal.invokers.TestMethodWorker.run(TestMethodWorker.java:134)
at java.base/java.util.ArrayList.forEach(ArrayList.java:1596)
at org.testng.TestRunner.privateRun(TestRunner.java:741)
at org.testng.TestRunner.run(TestRunner.java:616)
at org.testng.SuiteRunner.runTest(SuiteRunner.java:421)
at org.testng.SuiteRunner.runSequentially(SuiteRunner.java:413)
at org.testng.SuiteRunner.privateRun(SuiteRunner.java:373)
at org.testng.SuiteRunner.run(SuiteRunner.java:312)
at org.testng.SuiteRunnerWorker.runSuite(SuiteRunnerWorker.java:52)
at org.testng.SuiteRunnerWorker.run(SuiteRunnerWorker.java:95)
at org.testng.TestNG.runSuitesSequentially(TestNG.java:1274)
at org.testng.TestNG.runSuitesLocally(TestNG.java:1208)
at org.testng.TestNG.runSuites(TestNG.java:1112)
at org.testng.TestNG.run(TestNG.java:1079)
at org.testng.remote.AbstractRemoteTestNG.run(AbstractRemoteTestNG.java:115)
at org.testng.remote.RemoteTestNG.initAndRun(RemoteTestNG.java:293)
at org.testng.remote.RemoteTestNG.main(RemoteTestNG.java:91)
]]>
            </full-stacktrace>
          </exception> <!-- org.openqa.selenium.ElementClickInterceptedException -->
          <reporter-output>
          </reporter-output>
        </test-method> <!-- explore -->
        <test-method is-config="true" signature="tearDown()[pri:0, instance:tests.E2eTest@6200f9cb]" started-at="2026-01-20T16:23:27 IST" name="tearDown" finished-at="2026-01-20T16:23:27 IST" duration-ms="614" status="PASS">
          <reporter-output>
          </reporter-output>
        </test-method> <!-- tearDown -->
      </class> <!-- tests.E2eTest -->
    </test> <!-- Default test -->
  </suite> <!-- Default suite -->
</testng-results>
