<?xml version="1.0" encoding="UTF-8"?>
<!-- Generated by org.testng.reporters.JUnitReportReporter -->
<testsuite hostname="Yadav" failures="0" tests="6" name="tests.E2eTest" time="234.196" errors="1" timestamp="2026-01-20T16:23:27 IST" skipped="0">
  <testcase classname="tests.E2eTest" name="viewStories" time="56.787"/>
  <testcase classname="tests.E2eTest" name="search" time="11.896"/>
  <testcase classname="tests.E2eTest" name="watchReels" time="102.188"/>
  <testcase classname="tests.E2eTest" name="postLike" time="18.029"/>
  <testcase classname="tests.E2eTest" name="msg" time="31.341"/>
  <testcase classname="tests.E2eTest" name="explore" time="13.955">
    <error message="element click intercepted: Element &lt;svg aria-label=&quot;Reel&quot; class=&quot;x1lliihq x1n2onr6 x1hfr7tm xq3z1fi&quot; fill=&quot;currentColor&quot; height=&quot;24&quot; role=&quot;img&quot; viewBox=&quot;0 0 24 24&quot; width=&quot;24&quot;&gt;...&lt;/svg&gt; is not clickable at point (600, 75). Other element would receive the click: &lt;video loop=&quot;&quot; playsinline=&quot;&quot; src=&quot;https://instagram.fblr20-5.fna.fbcdn.net/o1/v/t2/f2/m86/AQOVvUp4PIIzzkAI3F1nr0Rj9jm290-qS8GWqtyA-PoRk2B_jFFsWJhUpyc63iAF5dWOk3meY_CtHYnIhRnVTmXuuJdo8mMPuW6FtUM.mp4?_nc_cat=107&amp;amp;_nc_oc=AdnwgzeLuItiWiCMLIYurBgVsg5nYgguhTCcKiXgTlQMNVDdz1IbN-9YTY6iT8FhiIR1wOnzuAjZ3NSUwxF6-l4M&amp;amp;_nc_sid=5e9851&amp;amp;_nc_ht=instagram.fblr20-5.fna.fbcdn.net&amp;amp;_nc_ohc=Y84O7-22t6UQ7kNvwGdv08E&amp;amp;efg=eyJ2ZW5jb2RlX3RhZyI6Inhwdl9wcm9ncmVzc2l2ZS5JTlNUQUdSQU0uQ0xJUFMuQzMuNzIwLmRhc2hfYmFzZWxpbmVfMV92MSIsInhwdl9hc3NldF9pZCI6MTQxNzUxNTczMzQyNDgzMywiYXNzZXRfYWdlX2RheXMiOjI1LCJ2aV91c2VjYXNlX2lkIjoxMDgyNywiZHVyYXRpb25fcyI6NzQsInVybGdlbl9zb3VyY2UiOiJ3d3cifQ%3D%3D&amp;amp;ccb=17-1&amp;amp;_nc_gid=MG-ogbQDY73ZrgAKK6kBHw&amp;amp;_nc_zt=28&amp;amp;vs=cff2cb7ad7d71021&amp;amp;_nc_vs=HBksFQIYUmlnX3hwdl9yZWVsc19wZXJtYW5lbnRfc3JfcHJvZC8yODRFQkFGQjA0RUY4NzBEMENFQTI0NzEzNTE2REJCM192aWRlb19kYXNoaW5pdC5tcDQVAALIARIAFQIYOnBhc3N0aHJvdWdoX2V2ZXJzdG9yZS9HTTdiTHlSV2RFeGVyeWxjQUNpTm1xUXhJT2gwYnN0VEFRQUYVAgLIARIAKAAYABsCiAd1c2Vfb2lsATEScHJvZ3Jlc3NpdmVfcmVjaXBlATEVAAAmguuInKPOhAUVAigCQzMsF0BSlU_fO2RaGBJkYXNoX2Jhc2VsaW5lXzFfdjERAHX-B2WWqQEA&amp;amp;oh=00_AfplBkEziIuNn1ZbzHy5E1uxbbhwEqjk-8gmRjgaog6Y-g&amp;amp;oe=69713BC8&quot; style=&quot;height: 100%; object-fit: cover; width: 100%;&quot;&gt;&lt;/video&gt;
  (Session info: chrome=143.0.7499.193)
Build info: version: &#039;4.11.0&#039;, revision: &#039;040bc5406b&#039;
System info: os.name: &#039;Windows 11&#039;, os.arch: &#039;amd64&#039;, os.version: &#039;10.0&#039;, java.version: &#039;21.0.8&#039;
Driver info: org.openqa.selenium.chrome.ChromeDriver
Command: [ebbcf1d4af5ea88fc319140e64a875ea, clickElement {id=f.5AFD28D15EDF3EDA3D2D3E28A403D4C7.d.14C827576BFA2904ACC3D253343D4298.e.757}]
Capabilities {acceptInsecureCerts: false, browserName: chrome, browserVersion: 143.0.7499.193, chrome: {chromedriverVersion: 143.0.7499.169 (164b20aab62..., userDataDir: C:\Users\VENKAT~1\AppData\L...}, fedcm:accounts: true, goog:chromeOptions: {debuggerAddress: localhost:60751}, goog:processID: 23912, networkConnectionEnabled: false, pageLoadStrategy: normal, platformName: windows, proxy: Proxy(), se:cdp: ws://localhost:60751/devtoo..., se:cdpVersion: 143.0.7499.193, setWindowRect: true, strictFileInteractability: false, timeouts: {implicit: 0, pageLoad: 300000, script: 30000}, unhandledPromptBehavior: dismiss and notify, webauthn:extension:credBlob: true, webauthn:extension:largeBlob: true, webauthn:extension:minPinLength: true, webauthn:extension:prf: true, webauthn:virtualAuthenticators: true}
Element: [[ChromeDriver: chrome on windows (ebbcf1d4af5ea88fc319140e64a875ea)] -&gt; xpath: (//*[@aria-label=&#039;Reel&#039;])[1]]
Session ID: ebbcf1d4af5ea88fc319140e64a875ea" type="org.openqa.selenium.ElementClickInterceptedException">
      <![CDATA[org.openqa.selenium.ElementClickInterceptedException: element click intercepted: Element <svg aria-label="Reel" class="x1lliihq x1n2onr6 x1hfr7tm xq3z1fi" fill="currentColor" height="24" role="img" viewBox="0 0 24 24" width="24">...</svg> is not clickable at point (600, 75). Other element would receive the click: <video loop="" playsinline="" src="https://instagram.fblr20-5.fna.fbcdn.net/o1/v/t2/f2/m86/AQOVvUp4PIIzzkAI3F1nr0Rj9jm290-qS8GWqtyA-PoRk2B_jFFsWJhUpyc63iAF5dWOk3meY_CtHYnIhRnVTmXuuJdo8mMPuW6FtUM.mp4?_nc_cat=107&amp;_nc_oc=AdnwgzeLuItiWiCMLIYurBgVsg5nYgguhTCcKiXgTlQMNVDdz1IbN-9YTY6iT8FhiIR1wOnzuAjZ3NSUwxF6-l4M&amp;_nc_sid=5e9851&amp;_nc_ht=instagram.fblr20-5.fna.fbcdn.net&amp;_nc_ohc=Y84O7-22t6UQ7kNvwGdv08E&amp;efg=eyJ2ZW5jb2RlX3RhZyI6Inhwdl9wcm9ncmVzc2l2ZS5JTlNUQUdSQU0uQ0xJUFMuQzMuNzIwLmRhc2hfYmFzZWxpbmVfMV92MSIsInhwdl9hc3NldF9pZCI6MTQxNzUxNTczMzQyNDgzMywiYXNzZXRfYWdlX2RheXMiOjI1LCJ2aV91c2VjYXNlX2lkIjoxMDgyNywiZHVyYXRpb25fcyI6NzQsInVybGdlbl9zb3VyY2UiOiJ3d3cifQ%3D%3D&amp;ccb=17-1&amp;_nc_gid=MG-ogbQDY73ZrgAKK6kBHw&amp;_nc_zt=28&amp;vs=cff2cb7ad7d71021&amp;_nc_vs=HBksFQIYUmlnX3hwdl9yZWVsc19wZXJtYW5lbnRfc3JfcHJvZC8yODRFQkFGQjA0RUY4NzBEMENFQTI0NzEzNTE2REJCM192aWRlb19kYXNoaW5pdC5tcDQVAALIARIAFQIYOnBhc3N0aHJvdWdoX2V2ZXJzdG9yZS9HTTdiTHlSV2RFeGVyeWxjQUNpTm1xUXhJT2gwYnN0VEFRQUYVAgLIARIAKAAYABsCiAd1c2Vfb2lsATEScHJvZ3Jlc3NpdmVfcmVjaXBlATEVAAAmguuInKPOhAUVAigCQzMsF0BSlU_fO2RaGBJkYXNoX2Jhc2VsaW5lXzFfdjERAHX-B2WWqQEA&amp;oh=00_AfplBkEziIuNn1ZbzHy5E1uxbbhwEqjk-8gmRjgaog6Y-g&amp;oe=69713BC8" style="height: 100%; object-fit: cover; width: 100%;"></video>
  (Session info: chrome=143.0.7499.193)
Build info: version: '4.11.0', revision: '040bc5406b'
System info: os.name: 'Windows 11', os.arch: 'amd64', os.version: '10.0', java.version: '21.0.8'
Driver info: org.openqa.selenium.chrome.ChromeDriver
Command: [ebbcf1d4af5ea88fc319140e64a875ea, clickElement {id=f.5AFD28D15EDF3EDA3D2D3E28A403D4C7.d.14C827576BFA2904ACC3D253343D4298.e.757}]
Capabilities {acceptInsecureCerts: false, browserName: chrome, browserVersion: 143.0.7499.193, chrome: {chromedriverVersion: 143.0.7499.169 (164b20aab62..., userDataDir: C:\Users\VENKAT~1\AppData\L...}, fedcm:accounts: true, goog:chromeOptions: {debuggerAddress: localhost:60751}, goog:processID: 23912, networkConnectionEnabled: false, pageLoadStrategy: normal, platformName: windows, proxy: Proxy(), se:cdp: ws://localhost:60751/devtoo..., se:cdpVersion: 143.0.7499.193, setWindowRect: true, strictFileInteractability: false, timeouts: {implicit: 0, pageLoad: 300000, script: 30000}, unhandledPromptBehavior: dismiss and notify, webauthn:extension:credBlob: true, webauthn:extension:largeBlob: true, webauthn:extension:minPinLength: true, webauthn:extension:prf: true, webauthn:virtualAuthenticators: true}
Element: [[ChromeDriver: chrome on windows (ebbcf1d4af5ea88fc319140e64a875ea)] -> xpath: (//*[@aria-label='Reel'])[1]]
Session ID: ebbcf1d4af5ea88fc319140e64a875ea
at java.base/jdk.internal.reflect.DirectConstructorHandleAccessor.newInstance(DirectConstructorHandleAccessor.java:62)
at java.base/java.lang.reflect.Constructor.newInstanceWithCaller(Constructor.java:502)
at java.base/java.lang.reflect.Constructor.newInstance(Constructor.java:486)
at org.openqa.selenium.remote.codec.w3c.W3CHttpResponseCodec.createException(W3CHttpResponseCodec.java:200)
at org.openqa.selenium.remote.codec.w3c.W3CHttpResponseCodec.decode(W3CHttpResponseCodec.java:133)
at org.openqa.selenium.remote.codec.w3c.W3CHttpResponseCodec.decode(W3CHttpResponseCodec.java:52)
at org.openqa.selenium.remote.HttpCommandExecutor.execute(HttpCommandExecutor.java:191)
at org.openqa.selenium.remote.service.DriverCommandExecutor.invokeExecute(DriverCommandExecutor.java:196)
at org.openqa.selenium.remote.service.DriverCommandExecutor.execute(DriverCommandExecutor.java:171)
at org.openqa.selenium.remote.RemoteWebDriver.execute(RemoteWebDriver.java:518)
at org.openqa.selenium.remote.RemoteWebElement.execute(RemoteWebElement.java:224)
at org.openqa.selenium.remote.RemoteWebElement.click(RemoteWebElement.java:77)
at pages.Explore.clickReel(Explore.java:42)
at tests.E2eTest.explore(E2eTest.java:132)
at java.base/jdk.internal.reflect.DirectMethodHandleAccessor.invoke(DirectMethodHandleAccessor.java:103)
at java.base/java.lang.reflect.Method.invoke(Method.java:580)
at org.testng.internal.invokers.MethodInvocationHelper.invokeMethod(MethodInvocationHelper.java:141)
at org.testng.internal.invokers.TestInvoker.invokeMethod(TestInvoker.java:687)
at org.testng.internal.invokers.TestInvoker.invokeTestMethod(TestInvoker.java:230)
at org.testng.internal.invokers.MethodRunner.runInSequence(MethodRunner.java:63)
at org.testng.internal.invokers.TestInvoker$MethodInvocationAgent.invoke(TestInvoker.java:995)
at org.testng.internal.invokers.TestInvoker.invokeTestMethods(TestInvoker.java:203)
at org.testng.internal.invokers.TestMethodWorker.invokeTestMethods(TestMethodWorker.java:154)
at org.testng.internal.invokers.TestMethodWorker.run(TestMethodWorker.java:134)
at java.base/java.util.ArrayList.forEach(ArrayList.java:1596)
at org.testng.TestRunner.privateRun(TestRunner.java:741)
at org.testng.TestRunner.run(TestRunner.java:616)
at org.testng.SuiteRunner.runTest(SuiteRunner.java:421)
at org.testng.SuiteRunner.runSequentially(SuiteRunner.java:413)
at org.testng.SuiteRunner.privateRun(SuiteRunner.java:373)
at org.testng.SuiteRunner.run(SuiteRunner.java:312)
at org.testng.SuiteRunnerWorker.runSuite(SuiteRunnerWorker.java:52)
at org.testng.SuiteRunnerWorker.run(SuiteRunnerWorker.java:95)
at org.testng.TestNG.runSuitesSequentially(TestNG.java:1274)
at org.testng.TestNG.runSuitesLocally(TestNG.java:1208)
at org.testng.TestNG.runSuites(TestNG.java:1112)
at org.testng.TestNG.run(TestNG.java:1079)
at org.testng.remote.AbstractRemoteTestNG.run(AbstractRemoteTestNG.java:115)
at org.testng.remote.RemoteTestNG.initAndRun(RemoteTestNG.java:293)
at org.testng.remote.RemoteTestNG.main(RemoteTestNG.java:91)
]]>
    </error>
  </testcase> <!-- explore -->
</testsuite> <!-- tests.E2eTest -->
