<?xml version="1.0" encoding="UTF-8"?>
<!-- Generated by org.testng.reporters.JUnitReportReporter -->
<testsuite hostname="Yadav" failures="0" tests="9" name="tests.E2eTest" time="160.045" errors="1" timestamp="2026-01-21T18:52:36 IST" skipped="0">
  <testcase classname="tests.E2eTest" name="viewStories" time="57.445"/>
  <testcase classname="tests.E2eTest" name="search" time="11.960"/>
  <testcase classname="tests.E2eTest" name="watchReels" time="8.053">
    <error message="element click intercepted: Element &lt;svg aria-label=&quot;Audio is muted&quot; class=&quot;x1lliihq x1n2onr6 xq3z1fi&quot; fill=&quot;currentColor&quot; height=&quot;16&quot; role=&quot;img&quot; viewBox=&quot;0 0 48 48&quot; width=&quot;16&quot;&gt;...&lt;/svg&gt; is not clickable at point (857, 56). Other element would receive the click: &lt;div class=&quot;x1qjc9v5 x9f619 x78zum5 xdt5ytf x1iyjqo2 xl56j7k&quot;&gt;...&lt;/div&gt;
  (Session info: chrome=143.0.7499.193)
Build info: version: &#039;4.11.0&#039;, revision: &#039;040bc5406b&#039;
System info: os.name: &#039;Windows 11&#039;, os.arch: &#039;amd64&#039;, os.version: &#039;10.0&#039;, java.version: &#039;21.0.8&#039;
Driver info: org.openqa.selenium.chrome.ChromeDriver
Command: [912d8e5db169320bdef84a76a00283d3, clickElement {id=f.674DABE1AB5CBF6F8D8882319BEEBACC.d.529C6E0E5D413C6EFE5C32D95A465E17.e.370}]
Capabilities {acceptInsecureCerts: false, browserName: chrome, browserVersion: 143.0.7499.193, chrome: {chromedriverVersion: 143.0.7499.169 (164b20aab62..., userDataDir: C:\Users\VENKAT~1\AppData\L...}, fedcm:accounts: true, goog:chromeOptions: {debuggerAddress: localhost:64572}, goog:processID: 21280, networkConnectionEnabled: false, pageLoadStrategy: normal, platformName: windows, proxy: Proxy(), se:cdp: ws://localhost:64572/devtoo..., se:cdpVersion: 143.0.7499.193, setWindowRect: true, strictFileInteractability: false, timeouts: {implicit: 0, pageLoad: 300000, script: 30000}, unhandledPromptBehavior: dismiss and notify, webauthn:extension:credBlob: true, webauthn:extension:largeBlob: true, webauthn:extension:minPinLength: true, webauthn:extension:prf: true, webauthn:virtualAuthenticators: true}
Element: [[ChromeDriver: chrome on windows (912d8e5db169320bdef84a76a00283d3)] -&gt; xpath: (//*[@aria-label=&#039;Audio is muted&#039;])[1]]
Session ID: 912d8e5db169320bdef84a76a00283d3" type="org.openqa.selenium.ElementClickInterceptedException">
      <![CDATA[org.openqa.selenium.ElementClickInterceptedException: element click intercepted: Element <svg aria-label="Audio is muted" class="x1lliihq x1n2onr6 xq3z1fi" fill="currentColor" height="16" role="img" viewBox="0 0 48 48" width="16">...</svg> is not clickable at point (857, 56). Other element would receive the click: <div class="x1qjc9v5 x9f619 x78zum5 xdt5ytf x1iyjqo2 xl56j7k">...</div>
  (Session info: chrome=143.0.7499.193)
Build info: version: '4.11.0', revision: '040bc5406b'
System info: os.name: 'Windows 11', os.arch: 'amd64', os.version: '10.0', java.version: '21.0.8'
Driver info: org.openqa.selenium.chrome.ChromeDriver
Command: [912d8e5db169320bdef84a76a00283d3, clickElement {id=f.674DABE1AB5CBF6F8D8882319BEEBACC.d.529C6E0E5D413C6EFE5C32D95A465E17.e.370}]
Capabilities {acceptInsecureCerts: false, browserName: chrome, browserVersion: 143.0.7499.193, chrome: {chromedriverVersion: 143.0.7499.169 (164b20aab62..., userDataDir: C:\Users\VENKAT~1\AppData\L...}, fedcm:accounts: true, goog:chromeOptions: {debuggerAddress: localhost:64572}, goog:processID: 21280, networkConnectionEnabled: false, pageLoadStrategy: normal, platformName: windows, proxy: Proxy(), se:cdp: ws://localhost:64572/devtoo..., se:cdpVersion: 143.0.7499.193, setWindowRect: true, strictFileInteractability: false, timeouts: {implicit: 0, pageLoad: 300000, script: 30000}, unhandledPromptBehavior: dismiss and notify, webauthn:extension:credBlob: true, webauthn:extension:largeBlob: true, webauthn:extension:minPinLength: true, webauthn:extension:prf: true, webauthn:virtualAuthenticators: true}
Element: [[ChromeDriver: chrome on windows (912d8e5db169320bdef84a76a00283d3)] -> xpath: (//*[@aria-label='Audio is muted'])[1]]
Session ID: 912d8e5db169320bdef84a76a00283d3
at java.base/jdk.internal.reflect.DirectConstructorHandleAccessor.newInstance(DirectConstructorHandleAccessor.java:62)
at java.base/java.lang.reflect.Constructor.newInstanceWithCaller(Constructor.java:502)
at java.base/java.lang.reflect.Constructor.newInstance(Constructor.java:486)
at org.openqa.selenium.remote.codec.w3c.W3CHttpResponseCodec.createException(W3CHttpResponseCodec.java:200)
at org.openqa.selenium.remote.codec.w3c.W3CHttpResponseCodec.decode(W3CHttpResponseCodec.java:133)
at org.openqa.selenium.remote.codec.w3c.W3CHttpResponseCodec.decode(W3CHttpResponseCodec.java:52)
at org.openqa.selenium.remote.HttpCommandExecutor.execute(HttpCommandExecutor.java:191)
at org.openqa.selenium.remote.service.DriverCommandExecutor.invokeExecute(DriverCommandExecutor.java:196)
at org.openqa.selenium.remote.service.DriverCommandExecutor.execute(DriverCommandExecutor.java:171)
at org.openqa.selenium.remote.RemoteWebDriver.execute(RemoteWebDriver.java:518)
at org.openqa.selenium.remote.RemoteWebElement.execute(RemoteWebElement.java:224)
at org.openqa.selenium.remote.RemoteWebElement.click(RemoteWebElement.java:77)
at pages.ReelsPage.audioMute(ReelsPage.java:28)
at tests.E2eTest.watchReels(E2eTest.java:88)
at java.base/jdk.internal.reflect.DirectMethodHandleAccessor.invoke(DirectMethodHandleAccessor.java:103)
at java.base/java.lang.reflect.Method.invoke(Method.java:580)
at org.testng.internal.invokers.MethodInvocationHelper.invokeMethod(MethodInvocationHelper.java:141)
at org.testng.internal.invokers.TestInvoker.invokeMethod(TestInvoker.java:687)
at org.testng.internal.invokers.TestInvoker.invokeTestMethod(TestInvoker.java:230)
at org.testng.internal.invokers.MethodRunner.runInSequence(MethodRunner.java:63)
at org.testng.internal.invokers.TestInvoker$MethodInvocationAgent.invoke(TestInvoker.java:995)
at org.testng.internal.invokers.TestInvoker.invokeTestMethods(TestInvoker.java:203)
at org.testng.internal.invokers.TestMethodWorker.invokeTestMethods(TestMethodWorker.java:154)
at org.testng.internal.invokers.TestMethodWorker.run(TestMethodWorker.java:134)
at java.base/java.util.ArrayList.forEach(ArrayList.java:1596)
at org.testng.TestRunner.privateRun(TestRunner.java:741)
at org.testng.TestRunner.run(TestRunner.java:616)
at org.testng.SuiteRunner.runTest(SuiteRunner.java:421)
at org.testng.SuiteRunner.runSequentially(SuiteRunner.java:413)
at org.testng.SuiteRunner.privateRun(SuiteRunner.java:373)
at org.testng.SuiteRunner.run(SuiteRunner.java:312)
at org.testng.SuiteRunnerWorker.runSuite(SuiteRunnerWorker.java:52)
at org.testng.SuiteRunnerWorker.run(SuiteRunnerWorker.java:95)
at org.testng.TestNG.runSuitesSequentially(TestNG.java:1274)
at org.testng.TestNG.runSuitesLocally(TestNG.java:1208)
at org.testng.TestNG.runSuites(TestNG.java:1112)
at org.testng.TestNG.run(TestNG.java:1079)
at org.testng.remote.AbstractRemoteTestNG.run(AbstractRemoteTestNG.java:115)
at org.testng.remote.RemoteTestNG.initAndRun(RemoteTestNG.java:293)
at org.testng.remote.RemoteTestNG.main(RemoteTestNG.java:91)
]]>
    </error>
  </testcase> <!-- watchReels -->
  <testcase classname="tests.E2eTest" name="postLike" time="18.966"/>
  <testcase classname="tests.E2eTest" name="msg" time="32.032"/>
  <testcase classname="tests.E2eTest" name="addPhotoToProfile" time="9.451"/>
  <testcase classname="tests.E2eTest" name="logOut" time="3.557"/>
  <testcase classname="tests.E2eTest" name="login" time="16.236"/>
  <testcase classname="tests.E2eTest" name="followRequestAccepted" time="2.345"/>
</testsuite> <!-- tests.E2eTest -->
